Using pre-set license
Built from '2021.3/china_unity/release' branch; Version is '2021.3.6f1c1 (07401303b748) revision 475155'; Using compiler version '192829333'; Build Type 'Release'
OS: 'Windows 11  (10.0.22621) 64bit Core' Language: 'zh' Physical Memory: 16236 MB
BatchMode: 1, IsHumanControllingUs: 0, StartBugReporterOnCrash: 0, Is64bit: 1, IsPro: 1

COMMAND LINE ARGUMENTS:
D:\2021.3.6f1c1\Editor\Unity.exe
-adb2
-batchMode
-noUpm
-name
AssetImportWorker1
-projectPath
D:/unityProject/FPS/FPS/FPS_microgame
-logFile
Logs/AssetImportWorker1.log
-srvPort
52948
Successfully changed project path to: D:/unityProject/FPS/FPS/FPS_microgame
D:/unityProject/FPS/FPS/FPS_microgame
[UnityMemory] Configuration Parameters - Can be set up in boot.config
    "memorysetup-bucket-allocator-granularity=16"
    "memorysetup-bucket-allocator-bucket-count=8"
    "memorysetup-bucket-allocator-block-size=33554432"
    "memorysetup-bucket-allocator-block-count=8"
    "memorysetup-main-allocator-block-size=16777216"
    "memorysetup-thread-allocator-block-size=16777216"
    "memorysetup-gfx-main-allocator-block-size=16777216"
    "memorysetup-gfx-thread-allocator-block-size=16777216"
    "memorysetup-cache-allocator-block-size=4194304"
    "memorysetup-typetree-allocator-block-size=2097152"
    "memorysetup-profiler-bucket-allocator-granularity=16"
    "memorysetup-profiler-bucket-allocator-bucket-count=8"
    "memorysetup-profiler-bucket-allocator-block-size=33554432"
    "memorysetup-profiler-bucket-allocator-block-count=8"
    "memorysetup-profiler-allocator-block-size=16777216"
    "memorysetup-profiler-editor-allocator-block-size=1048576"
    "memorysetup-temp-allocator-size-main=16777216"
    "memorysetup-job-temp-allocator-block-size=2097152"
    "memorysetup-job-temp-allocator-block-size-background=1048576"
    "memorysetup-job-temp-allocator-reduction-small-platforms=262144"
    "memorysetup-temp-allocator-size-background-worker=32768"
    "memorysetup-temp-allocator-size-job-worker=262144"
    "memorysetup-temp-allocator-size-preload-manager=33554432"
    "memorysetup-temp-allocator-size-nav-mesh-worker=65536"
    "memorysetup-temp-allocator-size-audio-worker=65536"
    "memorysetup-temp-allocator-size-cloud-worker=32768"
    "memorysetup-temp-allocator-size-gi-baking-worker=262144"
    "memorysetup-temp-allocator-size-gfx=262144"
AS: AutoStreaming module initializing.
Refreshing native plugins compatible for Editor in 109.19 ms, found 3 plugins.
Preloading 0 native plugins for Editor in 0.00 ms.
Initialize engine version: 2021.3.6f1c1 (07401303b748)
[Subsystems] Discovering subsystems at path D:/2021.3.6f1c1/Editor/Data/Resources/UnitySubsystems
[Subsystems] Discovering subsystems at path D:/unityProject/FPS/FPS/FPS_microgame/Assets
GfxDevice: creating device client; threaded=0; jobified=0
Direct3D:
    Version:  Direct3D 11.0 [level 11.1]
    Renderer: NVIDIA GeForce RTX 3050 Laptop GPU (ID=0x25e2)
    Vendor:   NVIDIA
    VRAM:     3977 MB
    Driver:   31.0.15.2799
Initialize mono
Mono path[0] = 'D:/2021.3.6f1c1/Editor/Data/Managed'
Mono path[1] = 'D:/2021.3.6f1c1/Editor/Data/MonoBleedingEdge/lib/mono/unityjit-win32'
Mono config path = 'D:/2021.3.6f1c1/Editor/Data/MonoBleedingEdge/etc'
Using monoOptions --debugger-agent=transport=dt_socket,embedding=1,server=y,suspend=n,address=127.0.0.1:56764
Begin MonoManager ReloadAssembly
Registering precompiled unity dll's ...
Register platform support module: D:/2021.3.6f1c1/Editor/Data/PlaybackEngines/AndroidPlayer/UnityEditor.Android.Extensions.dll
Register platform support module: D:/2021.3.6f1c1/Editor/Data/PlaybackEngines/iOSSupport/UnityEditor.iOS.Extensions.dll
Register platform support module: D:/2021.3.6f1c1/Editor/Data/PlaybackEngines/WindowsStandaloneSupport/UnityEditor.WindowsStandalone.Extensions.dll
Registered in 0.004568 seconds.
Native extension for WindowsStandalone target not found
[usbmuxd] Start listen thread
[usbmuxd] Listen thread started
Native extension for iOS target not found
Native extension for Android target not found
Refreshing native plugins compatible for Editor in 106.01 ms, found 3 plugins.
Preloading 0 native plugins for Editor in 0.00 ms.
Mono: successfully reloaded assembly
- Completed reload, in  0.618 seconds
Domain Reload Profiling:
	ReloadAssembly (619ms)
		BeginReloadAssembly (75ms)
			ExecutionOrderSort (0ms)
			DisableScriptedObjects (0ms)
			BackupInstance (0ms)
			ReleaseScriptingObjects (0ms)
			CreateAndSetChildDomain (1ms)
		EndReloadAssembly (445ms)
			LoadAssemblies (71ms)
			RebuildTransferFunctionScriptingTraits (0ms)
			SetupTypeCache (88ms)
			ReleaseScriptCaches (0ms)
			RebuildScriptCaches (22ms)
			SetupLoadedEditorAssemblies (285ms)
				LogAssemblyErrors (0ms)
				InitializePlatformSupportModulesInManaged (56ms)
				SetLoadedEditorAssemblies (1ms)
				RefreshPlugins (106ms)
				BeforeProcessingInitializeOnLoad (1ms)
				ProcessInitializeOnLoadAttributes (77ms)
				ProcessInitializeOnLoadMethodAttributes (43ms)
				AfterProcessingInitializeOnLoad (0ms)
				EditorAssembliesLoaded (0ms)
			ExecutionOrderSort2 (0ms)
			AwakeInstancesAfterBackupRestoration (0ms)
Platform modules already initialized, skipping
Registering precompiled user dll's ...
Registered in 0.020324 seconds.
Begin MonoManager ReloadAssembly
Symbol file LoadedFromMemory doesn't match image D:\unityProject\FPS\FPS\FPS_microgame\Library\PackageCache\com.unity.visualscripting@1.7.8\Editor\VisualScripting.Core\Dependencies\YamlDotNet\Unity.VisualScripting.YamlDotNet.dll
Symbol file LoadedFromMemory doesn't match image D:\unityProject\FPS\FPS\FPS_microgame\Library\PackageCache\com.unity.visualscripting@1.7.8\Editor\VisualScripting.Core\Dependencies\DotNetZip\Unity.VisualScripting.IonicZip.dll
Native extension for WindowsStandalone target not found
Native extension for iOS target not found
Native extension for Android target not found
Refreshing native plugins compatible for Editor in 103.34 ms, found 3 plugins.
Preloading 0 native plugins for Editor in 0.00 ms.
Mono: successfully reloaded assembly
- Completed reload, in  1.345 seconds
Domain Reload Profiling:
	ReloadAssembly (1346ms)
		BeginReloadAssembly (215ms)
			ExecutionOrderSort (0ms)
			DisableScriptedObjects (5ms)
			BackupInstance (0ms)
			ReleaseScriptingObjects (0ms)
			CreateAndSetChildDomain (122ms)
		EndReloadAssembly (1018ms)
			LoadAssemblies (116ms)
			RebuildTransferFunctionScriptingTraits (0ms)
			SetupTypeCache (256ms)
			ReleaseScriptCaches (1ms)
			RebuildScriptCaches (51ms)
			SetupLoadedEditorAssemblies (549ms)
				LogAssemblyErrors (0ms)
				InitializePlatformSupportModulesInManaged (19ms)
				SetLoadedEditorAssemblies (0ms)
				RefreshPlugins (103ms)
				BeforeProcessingInitializeOnLoad (117ms)
				ProcessInitializeOnLoadAttributes (228ms)
				ProcessInitializeOnLoadMethodAttributes (69ms)
				AfterProcessingInitializeOnLoad (12ms)
				EditorAssembliesLoaded (0ms)
			ExecutionOrderSort2 (0ms)
			AwakeInstancesAfterBackupRestoration (12ms)
Platform modules already initialized, skipping
========================================================================
Worker process is ready to serve import requests
Launched and connected shader compiler UnityShaderCompiler.exe after 0.04 seconds
Refreshing native plugins compatible for Editor in 1.12 ms, found 3 plugins.
Preloading 0 native plugins for Editor in 0.00 ms.
Unloading 5758 Unused Serialized files (Serialized files now loaded: 0)
Unloading 76 unused Assets / (3.4 MB). Loaded Objects now: 6176.
Memory consumption went from 230.6 MB to 227.2 MB.
Total: 5.168700 ms (FindLiveObjects: 0.420800 ms CreateObjectMapping: 0.237200 ms MarkObjects: 3.243600 ms  DeleteObjects: 1.265900 ms)

AssetImportParameters requested are different than current active one (requested -> active):
  custom:video-decoder-ogg-theora: a1e56fd34408186e4bbccfd4996cb3dc -> 
  custom:container-muxer-webm: aa71ff27fc2769a1b78a27578f13a17b -> 
  custom:container-demuxer-webm: 4f35f7cbe854078d1ac9338744f61a02 -> 
  custom:video-encoder-webm-vp8: eb34c28f22e8b96e1ab97ce403110664 -> 
  custom:audio-encoder-webm-vorbis: bf7c407c2cedff20999df2af8eb42d56 -> 
  custom:framework-win-MediaFoundation: 216162199b28c13a410421893ffa2e32 -> 
  custom:container-demuxer-ogg: 62fdf1f143b41e24485cea50d1cbac27 -> 
  custom:video-decoder-webm-vp8: 9c59270c3fd7afecdb556c50c9e8de78 -> 
  custom:audio-decoder-ogg-vorbis: bf7c407c2cedff20999df2af8eb42d56 -> 
========================================================================
Received Import Request.
  Time since last request: 3188093.063601 seconds.
  path: Assets/FPS/Scenes/MainScene.unity
  artifactKey: Guid(d794a2ef8ba31d847ad3c19d03e2ddb9) Importer(815301076,1909f56bfc062723c751e8b465ee728b)
Start importing Assets/FPS/Scenes/MainScene.unity using Guid(d794a2ef8ba31d847ad3c19d03e2ddb9) Importer(815301076,1909f56bfc062723c751e8b465ee728b)  -> (artifact id: '8d967ceb91f0fb64396de09663e5c527') in 0.010419 seconds 
========================================================================
Received Import Request.
  Time since last request: 302.250511 seconds.
  path: Assets/ModAssets/Textures/billboard_2D_basic_mask.png
  artifactKey: Guid(ddff50e8139db4a99976adb5f40c79f0) Importer(815301076,1909f56bfc062723c751e8b465ee728b)
Start importing Assets/ModAssets/Textures/billboard_2D_basic_mask.png using Guid(ddff50e8139db4a99976adb5f40c79f0) Importer(815301076,1909f56bfc062723c751e8b465ee728b)  -> (artifact id: 'bc23c51df2ed2a558b336df7e7a50f31') in 0.132843 seconds 
========================================================================
Received Import Request.
  Time since last request: 0.000026 seconds.
  path: Assets/FPS/Art/Textures/UI/Crosshair_Hexa.png
  artifactKey: Guid(e881aa18189b12f4e915fc5b14ddc421) Importer(815301076,1909f56bfc062723c751e8b465ee728b)
Start importing Assets/FPS/Art/Textures/UI/Crosshair_Hexa.png using Guid(e881aa18189b12f4e915fc5b14ddc421) Importer(815301076,1909f56bfc062723c751e8b465ee728b)  -> (artifact id: '592b24c452f4af9d210bc0e5a8c1a026') in 0.015716 seconds 
========================================================================
Received Import Request.
  Time since last request: 0.000041 seconds.
  path: Assets/FPS/Art/Textures/UI/Stance_Stand_Icon.png
  artifactKey: Guid(52709b32aa114154aa3f42f22d4d225c) Importer(815301076,1909f56bfc062723c751e8b465ee728b)
Start importing Assets/FPS/Art/Textures/UI/Stance_Stand_Icon.png using Guid(52709b32aa114154aa3f42f22d4d225c) Importer(815301076,1909f56bfc062723c751e8b465ee728b)  -> (artifact id: '4ce5e55dc7792bc483c5b62eb42ff386') in 0.014438 seconds 
========================================================================
Received Import Request.
  Time since last request: 0.000027 seconds.
  path: Assets/FPS/Art/Textures/UI/Radar_Enemy_Icon.png
  artifactKey: Guid(f960e1e0f9c28f346bcff536efd27f78) Importer(815301076,1909f56bfc062723c751e8b465ee728b)
Start importing Assets/FPS/Art/Textures/UI/Radar_Enemy_Icon.png using Guid(f960e1e0f9c28f346bcff536efd27f78) Importer(815301076,1909f56bfc062723c751e8b465ee728b)  -> (artifact id: '907c72319160aa3c0c9dc88dcb1d6abe') in 0.016730 seconds 
========================================================================
Received Import Request.
  Time since last request: 0.000029 seconds.
  path: Assets/FPS/Art/Textures/UI/CloseBtn_Icon.png
  artifactKey: Guid(2883dea87a05ddc4489db71bdbf6a412) Importer(815301076,1909f56bfc062723c751e8b465ee728b)
Start importing Assets/FPS/Art/Textures/UI/CloseBtn_Icon.png using Guid(2883dea87a05ddc4489db71bdbf6a412) Importer(815301076,1909f56bfc062723c751e8b465ee728b)  -> (artifact id: '33b372b93b16b18478b8d0fdcd537fc2') in 0.017900 seconds 
========================================================================
Received Import Request.
  Time since last request: 0.000031 seconds.
  path: Assets/FPS/Art/Textures/UI/HUD_Weapon02.png
  artifactKey: Guid(8cbb10368086f014a8b7fc8932e7f436) Importer(815301076,1909f56bfc062723c751e8b465ee728b)
Start importing Assets/FPS/Art/Textures/UI/HUD_Weapon02.png using Guid(8cbb10368086f014a8b7fc8932e7f436) Importer(815301076,1909f56bfc062723c751e8b465ee728b)  -> (artifact id: '7eead1ece8bbd937e4ca01ec43fc57fa') in 0.015360 seconds 
========================================================================
Received Import Request.
  Time since last request: 0.000028 seconds.
  path: Assets/FPS/Art/Textures/UI/Radar_Enemy_IconBg.png
  artifactKey: Guid(65c7da85c6d645744b9081be5782b153) Importer(815301076,1909f56bfc062723c751e8b465ee728b)
Start importing Assets/FPS/Art/Textures/UI/Radar_Enemy_IconBg.png using Guid(65c7da85c6d645744b9081be5782b153) Importer(815301076,1909f56bfc062723c751e8b465ee728b)  -> (artifact id: 'a5250039cf1d9cf9c0d60490d9c5aa8f') in 0.016599 seconds 
========================================================================
Received Import Request.
  Time since last request: 0.000025 seconds.
  path: Assets/FPS/Art/Textures/UI/Stance_Crouch_Icon.png
  artifactKey: Guid(d9b0340e45d66d64199b8219686bb5c5) Importer(815301076,1909f56bfc062723c751e8b465ee728b)
Start importing Assets/FPS/Art/Textures/UI/Stance_Crouch_Icon.png using Guid(d9b0340e45d66d64199b8219686bb5c5) Importer(815301076,1909f56bfc062723c751e8b465ee728b)  -> (artifact id: 'af108edd7cd68f4d5ab9cdd58cdfdad2') in 0.018464 seconds 
========================================================================
Received Import Request.
  Time since last request: 0.000030 seconds.
  path: Assets/ModAssets/Textures/billboard_2D_tall.png
  artifactKey: Guid(50b2c32ff3de94988a61633cb19060de) Importer(815301076,1909f56bfc062723c751e8b465ee728b)
Start importing Assets/ModAssets/Textures/billboard_2D_tall.png using Guid(50b2c32ff3de94988a61633cb19060de) Importer(815301076,1909f56bfc062723c751e8b465ee728b)  -> (artifact id: '1b8bf4de62554ec4c75da46369f89438') in 0.027727 seconds 
========================================================================
Received Import Request.
  Time since last request: 0.000023 seconds.
  path: Assets/ModAssets/Textures/billboard_2D_wide_mask.png
  artifactKey: Guid(d88311d2ea92740ed9e0274f02825ccf) Importer(815301076,1909f56bfc062723c751e8b465ee728b)
Start importing Assets/ModAssets/Textures/billboard_2D_wide_mask.png using Guid(d88311d2ea92740ed9e0274f02825ccf) Importer(815301076,1909f56bfc062723c751e8b465ee728b)  -> (artifact id: 'e0ca0e8e6a373e2288a0590acdb176db') in 0.024043 seconds 
========================================================================
Received Import Request.
  Time since last request: 0.000032 seconds.
  path: Assets/FPS/Art/Textures/UI/HUD_Jetpack_Icon.png
  artifactKey: Guid(d329fd11893b4ee42b624f01d3131680) Importer(815301076,1909f56bfc062723c751e8b465ee728b)
Start importing Assets/FPS/Art/Textures/UI/HUD_Jetpack_Icon.png using Guid(d329fd11893b4ee42b624f01d3131680) Importer(815301076,1909f56bfc062723c751e8b465ee728b)  -> (artifact id: 'ffd6dd1897e41c7655edada1f325646c') in 0.013607 seconds 
========================================================================
Received Import Request.
  Time since last request: 0.000032 seconds.
  path: Assets/FPS/Art/Textures/UI/HUD_Key_Bg.png
  artifactKey: Guid(81c448d84d41b244a91a738f53252f9b) Importer(815301076,1909f56bfc062723c751e8b465ee728b)
Start importing Assets/FPS/Art/Textures/UI/HUD_Key_Bg.png using Guid(81c448d84d41b244a91a738f53252f9b) Importer(815301076,1909f56bfc062723c751e8b465ee728b)  -> (artifact id: '727b5b1080fc6925924718f740f8cada') in 0.015726 seconds 
========================================================================
Received Import Request.
  Time since last request: 0.000023 seconds.
  path: Assets/FPS/Art/Textures/UI/Transparent_Center.png
  artifactKey: Guid(61e9c8b64d003e047ab7cfc7f5d74555) Importer(815301076,1909f56bfc062723c751e8b465ee728b)
Start importing Assets/FPS/Art/Textures/UI/Transparent_Center.png using Guid(61e9c8b64d003e047ab7cfc7f5d74555) Importer(815301076,1909f56bfc062723c751e8b465ee728b)  -> (artifact id: '5c9a1505728fb1e3ad92e56197590f0e') in 0.016851 seconds 
========================================================================
Received Import Request.
  Time since last request: 0.000027 seconds.
  path: Assets/FPS/Art/Textures/UI/HUD_Weapon03.png
  artifactKey: Guid(3c187e19c32c13542ba8a0c1a3a88ece) Importer(815301076,1909f56bfc062723c751e8b465ee728b)
Start importing Assets/FPS/Art/Textures/UI/HUD_Weapon03.png using Guid(3c187e19c32c13542ba8a0c1a3a88ece) Importer(815301076,1909f56bfc062723c751e8b465ee728b)  -> (artifact id: '65f468198e50e47d07afffe2c3771a46') in 0.013010 seconds 
========================================================================
Received Import Request.
  Time since last request: 0.000036 seconds.
  path: Assets/FPS/Art/Textures/UI/Notification_Enemy_Icon.png
  artifactKey: Guid(f508c28b9e2b993418fa54db9c535ae9) Importer(815301076,1909f56bfc062723c751e8b465ee728b)
Start importing Assets/FPS/Art/Textures/UI/Notification_Enemy_Icon.png using Guid(f508c28b9e2b993418fa54db9c535ae9) Importer(815301076,1909f56bfc062723c751e8b465ee728b)  -> (artifact id: 'a0141c2f1bdaab4b15b73c674b58e125') in 0.012608 seconds 
Editor requested this worker to shutdown with reason: Scaling down because of idle timeout
AssetImportWorker is now disconnected from the server
Process exiting
Exiting without the bug reporter. Application will terminate with return code 0